<?xml version="1.0" encoding="UTF-8"?>
<testsuite name="org.bukkit.conversations.ValidatingPromptTest" tests="4" skipped="0" failures="0" errors="0" timestamp="2019-11-24T04:08:31" hostname="pwn" time="0.012">
  <properties/>
  <testcase name="TestBooleanPrompt" classname="org.bukkit.conversations.ValidatingPromptTest" time="0.006"/>
  <testcase name="TestNumericPrompt" classname="org.bukkit.conversations.ValidatingPromptTest" time="0.004"/>
  <testcase name="TestRegexPrompt" classname="org.bukkit.conversations.ValidatingPromptTest" time="0.001"/>
  <testcase name="TestFixedSetPrompt" classname="org.bukkit.conversations.ValidatingPromptTest" time="0.001"/>
  <system-out><![CDATA[]]></system-out>
  <system-err><![CDATA[]]></system-err>
</testsuite>
