<?xml version="1.0" encoding="UTF-8"?>
<testsuite name="org.bukkit.util.io.BukkitObjectStreamTest" tests="6" skipped="3" failures="0" errors="0" timestamp="2019-11-24T04:08:31" hostname="pwn" time="0.02">
  <properties/>
  <testcase name="preEncoded[0: org.bukkit.Color]" classname="org.bukkit.util.io.BukkitObjectStreamTest" time="0.0">
    <skipped/>
  </testcase>
  <testcase name="checkSerlialization[0: org.bukkit.Color]" classname="org.bukkit.util.io.BukkitObjectStreamTest" time="0.015"/>
  <testcase name="preEncoded[1: org.bukkit.FireworkEffect]" classname="org.bukkit.util.io.BukkitObjectStreamTest" time="0.0">
    <skipped/>
  </testcase>
  <testcase name="checkSerlialization[1: org.bukkit.FireworkEffect]" classname="org.bukkit.util.io.BukkitObjectStreamTest" time="0.003"/>
  <testcase name="preEncoded[2: org.bukkit.util.Vector]" classname="org.bukkit.util.io.BukkitObjectStreamTest" time="0.0">
    <skipped/>
  </testcase>
  <testcase name="checkSerlialization[2: org.bukkit.util.Vector]" classname="org.bukkit.util.io.BukkitObjectStreamTest" time="0.002"/>
  <system-out><![CDATA[]]></system-out>
  <system-err><![CDATA[]]></system-err>
</testsuite>
