<?xml version="1.0" encoding="UTF-8"?>
<testsuite name="org.bukkit.metadata.MetadataStoreTest" tests="9" skipped="0" failures="0" errors="0" timestamp="2019-11-24T04:08:31" hostname="pwn" time="0.035">
  <properties/>
  <testcase name="testMetadataRemoveLast" classname="org.bukkit.metadata.MetadataStoreTest" time="0.028"/>
  <testcase name="testMetadataStore" classname="org.bukkit.metadata.MetadataStoreTest" time="0.0"/>
  <testcase name="testMetadataNotPresent" classname="org.bukkit.metadata.MetadataStoreTest" time="0.0"/>
  <testcase name="testMetadataRemoveForNonExistingPlugin" classname="org.bukkit.metadata.MetadataStoreTest" time="0.0"/>
  <testcase name="testMetadataRemove" classname="org.bukkit.metadata.MetadataStoreTest" time="0.0"/>
  <testcase name="testMetadataReplace" classname="org.bukkit.metadata.MetadataStoreTest" time="0.0"/>
  <testcase name="testInvalidateAll" classname="org.bukkit.metadata.MetadataStoreTest" time="0.003"/>
  <testcase name="testHasMetadata" classname="org.bukkit.metadata.MetadataStoreTest" time="0.0"/>
  <testcase name="testInvalidateAllButActuallyNothing" classname="org.bukkit.metadata.MetadataStoreTest" time="0.001"/>
  <system-out><![CDATA[]]></system-out>
  <system-err><![CDATA[]]></system-err>
</testsuite>
