<?xml version="1.0" encoding="UTF-8"?>
<testsuite name="org.bukkit.entity.memory.MemoryKeyTest" tests="6" skipped="0" failures="0" errors="0" timestamp="2019-11-24T04:08:31" hostname="pwn" time="0.002">
  <properties/>
  <testcase name="shouldReturnNullWhenNamespacedKeyisNull" classname="org.bukkit.entity.memory.MemoryKeyTest" time="0.001"/>
  <testcase name="shouldContainAllMemories" classname="org.bukkit.entity.memory.MemoryKeyTest" time="0.0"/>
  <testcase name="shouldGetMemoryKeyMeetingPointByNamespacedKey" classname="org.bukkit.entity.memory.MemoryKeyTest" time="0.001"/>
  <testcase name="shouldGetMemoryKeyJobSiteByNamespacedKey" classname="org.bukkit.entity.memory.MemoryKeyTest" time="0.0"/>
  <testcase name="shouldReturnNullWhenNamespacedKeyisNotPresentAsMemoryKey" classname="org.bukkit.entity.memory.MemoryKeyTest" time="0.0"/>
  <testcase name="shouldGetMemoryKeyHomeByNamespacedKey" classname="org.bukkit.entity.memory.MemoryKeyTest" time="0.0"/>
  <system-out><![CDATA[]]></system-out>
  <system-err><![CDATA[]]></system-err>
</testsuite>
