<?xml version="1.0" encoding="UTF-8"?>
<testsuite name="org.bukkit.conversations.ConversationContextTest" tests="3" skipped="0" failures="0" errors="0" timestamp="2019-11-24T04:08:31" hostname="pwn" time="0.003">
  <properties/>
  <testcase name="TestSessionData" classname="org.bukkit.conversations.ConversationContextTest" time="0.002"/>
  <testcase name="TestPlugin" classname="org.bukkit.conversations.ConversationContextTest" time="0.001"/>
  <testcase name="TestFromWhom" classname="org.bukkit.conversations.ConversationContextTest" time="0.0"/>
  <system-out><![CDATA[]]></system-out>
  <system-err><![CDATA[]]></system-err>
</testsuite>
