<?xml version="1.0" encoding="UTF-8"?>
<testsuite name="org.bukkit.metadata.MetadataValueAdapterTest" tests="4" skipped="0" failures="0" errors="0" timestamp="2019-11-24T04:08:31" hostname="pwn" time="0.006">
  <properties/>
  <testcase name="testStringConversionNull" classname="org.bukkit.metadata.MetadataValueAdapterTest" time="0.001"/>
  <testcase name="testAdapterBasics" classname="org.bukkit.metadata.MetadataValueAdapterTest" time="0.004"/>
  <testcase name="testBooleanConversion" classname="org.bukkit.metadata.MetadataValueAdapterTest" time="0.001"/>
  <testcase name="testAdapterConversions" classname="org.bukkit.metadata.MetadataValueAdapterTest" time="0.0"/>
  <system-out><![CDATA[]]></system-out>
  <system-err><![CDATA[]]></system-err>
</testsuite>
