<?xml version="1.0" encoding="UTF-8"?>
<testsuite name="org.bukkit.MaterialTest" tests="8" skipped="0" failures="0" errors="0" timestamp="2019-11-24T04:08:31" hostname="pwn" time="0.062">
  <properties/>
  <testcase name="matchMaterialByName" classname="org.bukkit.MaterialTest" time="0.009"/>
  <testcase name="matchMaterialByNull" classname="org.bukkit.MaterialTest" time="0.0"/>
  <testcase name="matchMaterialByKey" classname="org.bukkit.MaterialTest" time="0.029"/>
  <testcase name="getByNameNull" classname="org.bukkit.MaterialTest" time="0.0"/>
  <testcase name="getData" classname="org.bukkit.MaterialTest" time="0.007"/>
  <testcase name="matchMaterialByWrongNamespace" classname="org.bukkit.MaterialTest" time="0.005"/>
  <testcase name="matchMaterialByLowerCaseAndSpaces" classname="org.bukkit.MaterialTest" time="0.01"/>
  <testcase name="getByName" classname="org.bukkit.MaterialTest" time="0.001"/>
  <system-out><![CDATA[]]></system-out>
  <system-err><![CDATA[]]></system-err>
</testsuite>
