<?xml version="1.0" encoding="UTF-8"?>
<testsuite name="org.bukkit.plugin.PluginManagerTest" tests="11" skipped="0" failures="0" errors="0" timestamp="2019-11-24T04:08:31" hostname="pwn" time="0.006">
  <properties/>
  <testcase name="testRemovePermissionByNameCamel" classname="org.bukkit.plugin.PluginManagerTest" time="0.002"/>
  <testcase name="testRemovePermissionByNameLower" classname="org.bukkit.plugin.PluginManagerTest" time="0.0"/>
  <testcase name="testRemovePermissionByNameUpper" classname="org.bukkit.plugin.PluginManagerTest" time="0.0"/>
  <testcase name="testAsyncLocked" classname="org.bukkit.plugin.PluginManagerTest" time="0.001"/>
  <testcase name="testRemovePermissionByPermissionCamel" classname="org.bukkit.plugin.PluginManagerTest" time="0.0"/>
  <testcase name="testRemovePermissionByPermissionUpper" classname="org.bukkit.plugin.PluginManagerTest" time="0.0"/>
  <testcase name="testSyncSameThread" classname="org.bukkit.plugin.PluginManagerTest" time="0.0"/>
  <testcase name="testAsyncUnlocked" classname="org.bukkit.plugin.PluginManagerTest" time="0.001"/>
  <testcase name="testAsyncSameThread" classname="org.bukkit.plugin.PluginManagerTest" time="0.0"/>
  <testcase name="testSyncLocked" classname="org.bukkit.plugin.PluginManagerTest" time="0.001"/>
  <testcase name="testSyncUnlocked" classname="org.bukkit.plugin.PluginManagerTest" time="0.0"/>
  <system-out><![CDATA[]]></system-out>
  <system-err><![CDATA[]]></system-err>
</testsuite>
