<?xml version="1.0" encoding="UTF-8"?>
<testsuite name="org.bukkit.ColorTest" tests="52" skipped="0" failures="0" errors="0" timestamp="2019-11-24T04:08:30" hostname="pwn" time="0.226">
  <properties/>
  <testcase name="testInvalidBGR1" classname="org.bukkit.ColorTest" time="0.001"/>
  <testcase name="testInvalidBGR2" classname="org.bukkit.ColorTest" time="0.0"/>
  <testcase name="testInvalidBGR3" classname="org.bukkit.ColorTest" time="0.0"/>
  <testcase name="testInvalidBGR4" classname="org.bukkit.ColorTest" time="0.0"/>
  <testcase name="testInvalidRGB1" classname="org.bukkit.ColorTest" time="0.0"/>
  <testcase name="testInvalidRGB2" classname="org.bukkit.ColorTest" time="0.001"/>
  <testcase name="testInvalidRGB3" classname="org.bukkit.ColorTest" time="0.0"/>
  <testcase name="testInvalidRGB4" classname="org.bukkit.ColorTest" time="0.0"/>
  <testcase name="testSerialization" classname="org.bukkit.ColorTest" time="0.217"/>
  <testcase name="testBGR" classname="org.bukkit.ColorTest" time="0.0"/>
  <testcase name="testRGB" classname="org.bukkit.ColorTest" time="0.001"/>
  <testcase name="testRed" classname="org.bukkit.ColorTest" time="0.0"/>
  <testcase name="testGreen" classname="org.bukkit.ColorTest" time="0.0"/>
  <testcase name="testBlue" classname="org.bukkit.ColorTest" time="0.0"/>
  <testcase name="testEqualities" classname="org.bukkit.ColorTest" time="0.0"/>
  <testcase name="testInvalidB01" classname="org.bukkit.ColorTest" time="0.0"/>
  <testcase name="testInvalidB02" classname="org.bukkit.ColorTest" time="0.0"/>
  <testcase name="testInvalidB03" classname="org.bukkit.ColorTest" time="0.0"/>
  <testcase name="testInvalidB04" classname="org.bukkit.ColorTest" time="0.0"/>
  <testcase name="testInvalidB05" classname="org.bukkit.ColorTest" time="0.0"/>
  <testcase name="testInvalidB06" classname="org.bukkit.ColorTest" time="0.0"/>
  <testcase name="testInvalidB07" classname="org.bukkit.ColorTest" time="0.0"/>
  <testcase name="testInvalidB08" classname="org.bukkit.ColorTest" time="0.0"/>
  <testcase name="testInvalidB09" classname="org.bukkit.ColorTest" time="0.0"/>
  <testcase name="testInvalidB10" classname="org.bukkit.ColorTest" time="0.0"/>
  <testcase name="testInvalidB11" classname="org.bukkit.ColorTest" time="0.0"/>
  <testcase name="testInvalidB12" classname="org.bukkit.ColorTest" time="0.0"/>
  <testcase name="testInvalidG01" classname="org.bukkit.ColorTest" time="0.0"/>
  <testcase name="testInvalidG02" classname="org.bukkit.ColorTest" time="0.0"/>
  <testcase name="testInvalidG03" classname="org.bukkit.ColorTest" time="0.0"/>
  <testcase name="testInvalidG04" classname="org.bukkit.ColorTest" time="0.0"/>
  <testcase name="testInvalidG05" classname="org.bukkit.ColorTest" time="0.0"/>
  <testcase name="testInvalidG06" classname="org.bukkit.ColorTest" time="0.0"/>
  <testcase name="testInvalidG07" classname="org.bukkit.ColorTest" time="0.0"/>
  <testcase name="testInvalidG08" classname="org.bukkit.ColorTest" time="0.0"/>
  <testcase name="testInvalidG09" classname="org.bukkit.ColorTest" time="0.0"/>
  <testcase name="testInvalidG10" classname="org.bukkit.ColorTest" time="0.001"/>
  <testcase name="testInvalidG11" classname="org.bukkit.ColorTest" time="0.0"/>
  <testcase name="testInvalidG12" classname="org.bukkit.ColorTest" time="0.0"/>
  <testcase name="testInvalidR01" classname="org.bukkit.ColorTest" time="0.0"/>
  <testcase name="testInvalidR02" classname="org.bukkit.ColorTest" time="0.0"/>
  <testcase name="testInvalidR03" classname="org.bukkit.ColorTest" time="0.0"/>
  <testcase name="testInvalidR04" classname="org.bukkit.ColorTest" time="0.0"/>
  <testcase name="testInvalidR05" classname="org.bukkit.ColorTest" time="0.0"/>
  <testcase name="testInvalidR06" classname="org.bukkit.ColorTest" time="0.0"/>
  <testcase name="testInvalidR07" classname="org.bukkit.ColorTest" time="0.0"/>
  <testcase name="testInvalidR08" classname="org.bukkit.ColorTest" time="0.0"/>
  <testcase name="testInvalidR09" classname="org.bukkit.ColorTest" time="0.0"/>
  <testcase name="testInvalidR10" classname="org.bukkit.ColorTest" time="0.0"/>
  <testcase name="testInvalidR11" classname="org.bukkit.ColorTest" time="0.0"/>
  <testcase name="testInvalidR12" classname="org.bukkit.ColorTest" time="0.001"/>
  <testcase name="testInequalities" classname="org.bukkit.ColorTest" time="0.001"/>
  <system-out><![CDATA[]]></system-out>
  <system-err><![CDATA[]]></system-err>
</testsuite>
