<?xml version="1.0" encoding="UTF-8"?>
<testsuite name="org.bukkit.conversations.ConversationTest" tests="4" skipped="0" failures="0" errors="0" timestamp="2019-11-24T04:08:31" hostname="pwn" time="0.008">
  <properties/>
  <testcase name="testConversationFactory" classname="org.bukkit.conversations.ConversationTest" time="0.006"/>
  <testcase name="testEscapeSequence" classname="org.bukkit.conversations.ConversationTest" time="0.0"/>
  <testcase name="testBaseConversationFlow" classname="org.bukkit.conversations.ConversationTest" time="0.0"/>
  <testcase name="testNotPlayer" classname="org.bukkit.conversations.ConversationTest" time="0.001"/>
  <system-out><![CDATA[]]></system-out>
  <system-err><![CDATA[]]></system-err>
</testsuite>
