<?xml version="1.0" encoding="UTF-8"?>
<testsuite name="org.bukkit.util.StringUtilStartsWithTest" tests="10" skipped="0" failures="0" errors="0" timestamp="2019-11-24T04:08:31" hostname="pwn" time="0.002">
  <properties/>
  <testcase name="testFor[0: Apple startsWith Apples == false]" classname="org.bukkit.util.StringUtilStartsWithTest" time="0.001"/>
  <testcase name="testFor[1: Apples startsWith Apple == true]" classname="org.bukkit.util.StringUtilStartsWithTest" time="0.0"/>
  <testcase name="testFor[2: Apple startsWith Apple == true]" classname="org.bukkit.util.StringUtilStartsWithTest" time="0.0"/>
  <testcase name="testFor[3: Apple startsWith apples == false]" classname="org.bukkit.util.StringUtilStartsWithTest" time="0.0"/>
  <testcase name="testFor[4: apple startsWith Apples == false]" classname="org.bukkit.util.StringUtilStartsWithTest" time="0.0"/>
  <testcase name="testFor[5: apple startsWith apples == false]" classname="org.bukkit.util.StringUtilStartsWithTest" time="0.0"/>
  <testcase name="testFor[6: Apples startsWith apPL == true]" classname="org.bukkit.util.StringUtilStartsWithTest" time="0.0"/>
  <testcase name="testFor[7: 123456789 startsWith 1234567 == true]" classname="org.bukkit.util.StringUtilStartsWithTest" time="0.0"/>
  <testcase name="testFor[8:  startsWith  == true]" classname="org.bukkit.util.StringUtilStartsWithTest" time="0.0"/>
  <testcase name="testFor[9: string startsWith  == true]" classname="org.bukkit.util.StringUtilStartsWithTest" time="0.0"/>
  <system-out><![CDATA[]]></system-out>
  <system-err><![CDATA[]]></system-err>
</testsuite>
