<?xml version="1.0" encoding="UTF-8"?>
<testsuite name="org.bukkit.EntityEffectTest" tests="1" skipped="0" failures="0" errors="0" timestamp="2019-11-24T04:08:31" hostname="pwn" time="0.008">
  <properties/>
  <testcase name="getByData" classname="org.bukkit.EntityEffectTest" time="0.008"/>
  <system-out><![CDATA[]]></system-out>
  <system-err><![CDATA[]]></system-err>
</testsuite>
