<?xml version="1.0" encoding="UTF-8"?>
<testsuite name="org.bukkit.NamespacedKeyTest" tests="9" skipped="0" failures="0" errors="0" timestamp="2019-11-24T04:08:31" hostname="pwn" time="0.002">
  <properties/>
  <testcase name="testValid" classname="org.bukkit.NamespacedKeyTest" time="0.0"/>
  <testcase name="testInvalidNamespace" classname="org.bukkit.NamespacedKeyTest" time="0.001"/>
  <testcase name="testBelowLength" classname="org.bukkit.NamespacedKeyTest" time="0.0"/>
  <testcase name="testInvalidKeyCasing" classname="org.bukkit.NamespacedKeyTest" time="0.001"/>
  <testcase name="testAboveLength" classname="org.bukkit.NamespacedKeyTest" time="0.0"/>
  <testcase name="testInvalidKey" classname="org.bukkit.NamespacedKeyTest" time="0.0"/>
  <testcase name="testInvalidNamespaceCasing" classname="org.bukkit.NamespacedKeyTest" time="0.0"/>
  <testcase name="testEmptyNamespace" classname="org.bukkit.NamespacedKeyTest" time="0.0"/>
  <testcase name="testEmptyKey" classname="org.bukkit.NamespacedKeyTest" time="0.0"/>
  <system-out><![CDATA[]]></system-out>
  <system-err><![CDATA[]]></system-err>
</testsuite>
