<?xml version="1.0" encoding="UTF-8"?>
<testsuite name="org.bukkit.DyeColorTest" tests="80" skipped="0" failures="0" errors="0" timestamp="2019-11-24T04:08:31" hostname="pwn" time="0.007">
  <properties/>
  <testcase name="getByWoolData[0: WHITE]" classname="org.bukkit.DyeColorTest" time="0.0"/>
  <testcase name="getByDyeData[0: WHITE]" classname="org.bukkit.DyeColorTest" time="0.0"/>
  <testcase name="getByData[0: WHITE]" classname="org.bukkit.DyeColorTest" time="0.0"/>
  <testcase name="getDyeDyeColor[0: WHITE]" classname="org.bukkit.DyeColorTest" time="0.0"/>
  <testcase name="getWoolDyeColor[0: WHITE]" classname="org.bukkit.DyeColorTest" time="0.0"/>
  <testcase name="getByWoolData[1: ORANGE]" classname="org.bukkit.DyeColorTest" time="0.0"/>
  <testcase name="getByDyeData[1: ORANGE]" classname="org.bukkit.DyeColorTest" time="0.0"/>
  <testcase name="getByData[1: ORANGE]" classname="org.bukkit.DyeColorTest" time="0.0"/>
  <testcase name="getDyeDyeColor[1: ORANGE]" classname="org.bukkit.DyeColorTest" time="0.0"/>
  <testcase name="getWoolDyeColor[1: ORANGE]" classname="org.bukkit.DyeColorTest" time="0.0"/>
  <testcase name="getByWoolData[2: MAGENTA]" classname="org.bukkit.DyeColorTest" time="0.0"/>
  <testcase name="getByDyeData[2: MAGENTA]" classname="org.bukkit.DyeColorTest" time="0.0"/>
  <testcase name="getByData[2: MAGENTA]" classname="org.bukkit.DyeColorTest" time="0.0"/>
  <testcase name="getDyeDyeColor[2: MAGENTA]" classname="org.bukkit.DyeColorTest" time="0.0"/>
  <testcase name="getWoolDyeColor[2: MAGENTA]" classname="org.bukkit.DyeColorTest" time="0.0"/>
  <testcase name="getByWoolData[3: LIGHT_BLUE]" classname="org.bukkit.DyeColorTest" time="0.0"/>
  <testcase name="getByDyeData[3: LIGHT_BLUE]" classname="org.bukkit.DyeColorTest" time="0.0"/>
  <testcase name="getByData[3: LIGHT_BLUE]" classname="org.bukkit.DyeColorTest" time="0.0"/>
  <testcase name="getDyeDyeColor[3: LIGHT_BLUE]" classname="org.bukkit.DyeColorTest" time="0.0"/>
  <testcase name="getWoolDyeColor[3: LIGHT_BLUE]" classname="org.bukkit.DyeColorTest" time="0.0"/>
  <testcase name="getByWoolData[4: YELLOW]" classname="org.bukkit.DyeColorTest" time="0.0"/>
  <testcase name="getByDyeData[4: YELLOW]" classname="org.bukkit.DyeColorTest" time="0.0"/>
  <testcase name="getByData[4: YELLOW]" classname="org.bukkit.DyeColorTest" time="0.0"/>
  <testcase name="getDyeDyeColor[4: YELLOW]" classname="org.bukkit.DyeColorTest" time="0.0"/>
  <testcase name="getWoolDyeColor[4: YELLOW]" classname="org.bukkit.DyeColorTest" time="0.0"/>
  <testcase name="getByWoolData[5: LIME]" classname="org.bukkit.DyeColorTest" time="0.0"/>
  <testcase name="getByDyeData[5: LIME]" classname="org.bukkit.DyeColorTest" time="0.0"/>
  <testcase name="getByData[5: LIME]" classname="org.bukkit.DyeColorTest" time="0.0"/>
  <testcase name="getDyeDyeColor[5: LIME]" classname="org.bukkit.DyeColorTest" time="0.0"/>
  <testcase name="getWoolDyeColor[5: LIME]" classname="org.bukkit.DyeColorTest" time="0.0"/>
  <testcase name="getByWoolData[6: PINK]" classname="org.bukkit.DyeColorTest" time="0.0"/>
  <testcase name="getByDyeData[6: PINK]" classname="org.bukkit.DyeColorTest" time="0.0"/>
  <testcase name="getByData[6: PINK]" classname="org.bukkit.DyeColorTest" time="0.0"/>
  <testcase name="getDyeDyeColor[6: PINK]" classname="org.bukkit.DyeColorTest" time="0.0"/>
  <testcase name="getWoolDyeColor[6: PINK]" classname="org.bukkit.DyeColorTest" time="0.0"/>
  <testcase name="getByWoolData[7: GRAY]" classname="org.bukkit.DyeColorTest" time="0.0"/>
  <testcase name="getByDyeData[7: GRAY]" classname="org.bukkit.DyeColorTest" time="0.0"/>
  <testcase name="getByData[7: GRAY]" classname="org.bukkit.DyeColorTest" time="0.0"/>
  <testcase name="getDyeDyeColor[7: GRAY]" classname="org.bukkit.DyeColorTest" time="0.0"/>
  <testcase name="getWoolDyeColor[7: GRAY]" classname="org.bukkit.DyeColorTest" time="0.0"/>
  <testcase name="getByWoolData[8: LIGHT_GRAY]" classname="org.bukkit.DyeColorTest" time="0.0"/>
  <testcase name="getByDyeData[8: LIGHT_GRAY]" classname="org.bukkit.DyeColorTest" time="0.0"/>
  <testcase name="getByData[8: LIGHT_GRAY]" classname="org.bukkit.DyeColorTest" time="0.0"/>
  <testcase name="getDyeDyeColor[8: LIGHT_GRAY]" classname="org.bukkit.DyeColorTest" time="0.0"/>
  <testcase name="getWoolDyeColor[8: LIGHT_GRAY]" classname="org.bukkit.DyeColorTest" time="0.0"/>
  <testcase name="getByWoolData[9: CYAN]" classname="org.bukkit.DyeColorTest" time="0.0"/>
  <testcase name="getByDyeData[9: CYAN]" classname="org.bukkit.DyeColorTest" time="0.0"/>
  <testcase name="getByData[9: CYAN]" classname="org.bukkit.DyeColorTest" time="0.0"/>
  <testcase name="getDyeDyeColor[9: CYAN]" classname="org.bukkit.DyeColorTest" time="0.0"/>
  <testcase name="getWoolDyeColor[9: CYAN]" classname="org.bukkit.DyeColorTest" time="0.0"/>
  <testcase name="getByWoolData[10: PURPLE]" classname="org.bukkit.DyeColorTest" time="0.0"/>
  <testcase name="getByDyeData[10: PURPLE]" classname="org.bukkit.DyeColorTest" time="0.0"/>
  <testcase name="getByData[10: PURPLE]" classname="org.bukkit.DyeColorTest" time="0.0"/>
  <testcase name="getDyeDyeColor[10: PURPLE]" classname="org.bukkit.DyeColorTest" time="0.0"/>
  <testcase name="getWoolDyeColor[10: PURPLE]" classname="org.bukkit.DyeColorTest" time="0.0"/>
  <testcase name="getByWoolData[11: BLUE]" classname="org.bukkit.DyeColorTest" time="0.0"/>
  <testcase name="getByDyeData[11: BLUE]" classname="org.bukkit.DyeColorTest" time="0.0"/>
  <testcase name="getByData[11: BLUE]" classname="org.bukkit.DyeColorTest" time="0.0"/>
  <testcase name="getDyeDyeColor[11: BLUE]" classname="org.bukkit.DyeColorTest" time="0.0"/>
  <testcase name="getWoolDyeColor[11: BLUE]" classname="org.bukkit.DyeColorTest" time="0.0"/>
  <testcase name="getByWoolData[12: BROWN]" classname="org.bukkit.DyeColorTest" time="0.0"/>
  <testcase name="getByDyeData[12: BROWN]" classname="org.bukkit.DyeColorTest" time="0.0"/>
  <testcase name="getByData[12: BROWN]" classname="org.bukkit.DyeColorTest" time="0.0"/>
  <testcase name="getDyeDyeColor[12: BROWN]" classname="org.bukkit.DyeColorTest" time="0.0"/>
  <testcase name="getWoolDyeColor[12: BROWN]" classname="org.bukkit.DyeColorTest" time="0.001"/>
  <testcase name="getByWoolData[13: GREEN]" classname="org.bukkit.DyeColorTest" time="0.0"/>
  <testcase name="getByDyeData[13: GREEN]" classname="org.bukkit.DyeColorTest" time="0.0"/>
  <testcase name="getByData[13: GREEN]" classname="org.bukkit.DyeColorTest" time="0.0"/>
  <testcase name="getDyeDyeColor[13: GREEN]" classname="org.bukkit.DyeColorTest" time="0.0"/>
  <testcase name="getWoolDyeColor[13: GREEN]" classname="org.bukkit.DyeColorTest" time="0.0"/>
  <testcase name="getByWoolData[14: RED]" classname="org.bukkit.DyeColorTest" time="0.0"/>
  <testcase name="getByDyeData[14: RED]" classname="org.bukkit.DyeColorTest" time="0.0"/>
  <testcase name="getByData[14: RED]" classname="org.bukkit.DyeColorTest" time="0.0"/>
  <testcase name="getDyeDyeColor[14: RED]" classname="org.bukkit.DyeColorTest" time="0.0"/>
  <testcase name="getWoolDyeColor[14: RED]" classname="org.bukkit.DyeColorTest" time="0.0"/>
  <testcase name="getByWoolData[15: BLACK]" classname="org.bukkit.DyeColorTest" time="0.001"/>
  <testcase name="getByDyeData[15: BLACK]" classname="org.bukkit.DyeColorTest" time="0.0"/>
  <testcase name="getByData[15: BLACK]" classname="org.bukkit.DyeColorTest" time="0.001"/>
  <testcase name="getDyeDyeColor[15: BLACK]" classname="org.bukkit.DyeColorTest" time="0.0"/>
  <testcase name="getWoolDyeColor[15: BLACK]" classname="org.bukkit.DyeColorTest" time="0.001"/>
  <system-out><![CDATA[]]></system-out>
  <system-err><![CDATA[]]></system-err>
</testsuite>
