<?xml version="1.0" encoding="UTF-8"?>
<testsuite name="org.bukkit.metadata.FixedMetadataValueTest" tests="3" skipped="0" failures="0" errors="0" timestamp="2019-11-24T04:08:31" hostname="pwn" time="0.001">
  <properties/>
  <testcase name="testBasic" classname="org.bukkit.metadata.FixedMetadataValueTest" time="0.001"/>
  <testcase name="testInvalidateDoesNothing" classname="org.bukkit.metadata.FixedMetadataValueTest" time="0.0"/>
  <testcase name="testNumberTypes" classname="org.bukkit.metadata.FixedMetadataValueTest" time="0.0"/>
  <system-out><![CDATA[]]></system-out>
  <system-err><![CDATA[]]></system-err>
</testsuite>
