<?xml version="1.0" encoding="UTF-8"?>
<testsuite name="org.bukkit.util.BoundingBoxTest" tests="10" skipped="0" failures="0" errors="0" timestamp="2019-11-24T04:08:31" hostname="pwn" time="0.002">
  <properties/>
  <testcase name="testSerialization" classname="org.bukkit.util.BoundingBoxTest" time="0.0"/>
  <testcase name="testShift" classname="org.bukkit.util.BoundingBoxTest" time="0.0"/>
  <testcase name="testUnion" classname="org.bukkit.util.BoundingBoxTest" time="0.0"/>
  <testcase name="testConstruction" classname="org.bukkit.util.BoundingBoxTest" time="0.0"/>
  <testcase name="testContains" classname="org.bukkit.util.BoundingBoxTest" time="0.0"/>
  <testcase name="testExpansion" classname="org.bukkit.util.BoundingBoxTest" time="0.0"/>
  <testcase name="testDegenerate" classname="org.bukkit.util.BoundingBoxTest" time="0.0"/>
  <testcase name="testIntersection" classname="org.bukkit.util.BoundingBoxTest" time="0.0"/>
  <testcase name="testOverlaps" classname="org.bukkit.util.BoundingBoxTest" time="0.0"/>
  <testcase name="testRayTrace" classname="org.bukkit.util.BoundingBoxTest" time="0.001"/>
  <system-out><![CDATA[]]></system-out>
  <system-err><![CDATA[]]></system-err>
</testsuite>
