<?xml version="1.0" encoding="UTF-8"?>
<testsuite name="org.bukkit.AnnotationTest" tests="1" skipped="0" failures="0" errors="0" timestamp="2019-11-24T04:08:30" hostname="pwn" time="0.11">
  <properties/>
  <testcase name="testAll" classname="org.bukkit.AnnotationTest" time="0.11"/>
  <system-out><![CDATA[]]></system-out>
  <system-err><![CDATA[]]></system-err>
</testsuite>
