<?xml version="1.0" encoding="UTF-8"?>
<testsuite name="org.bukkit.ChatPaginatorTest" tests="15" skipped="0" failures="0" errors="0" timestamp="2019-11-24T04:08:30" hostname="pwn" time="0.011">
  <properties/>
  <testcase name="testWordWrap10" classname="org.bukkit.ChatPaginatorTest" time="0.001"/>
  <testcase name="testWordWrap11" classname="org.bukkit.ChatPaginatorTest" time="0.0"/>
  <testcase name="testWordWrap12" classname="org.bukkit.ChatPaginatorTest" time="0.0"/>
  <testcase name="testWordWrap1" classname="org.bukkit.ChatPaginatorTest" time="0.001"/>
  <testcase name="testWordWrap2" classname="org.bukkit.ChatPaginatorTest" time="0.001"/>
  <testcase name="testWordWrap3" classname="org.bukkit.ChatPaginatorTest" time="0.002"/>
  <testcase name="testWordWrap4" classname="org.bukkit.ChatPaginatorTest" time="0.0"/>
  <testcase name="testWordWrap5" classname="org.bukkit.ChatPaginatorTest" time="0.001"/>
  <testcase name="testWordWrap6" classname="org.bukkit.ChatPaginatorTest" time="0.0"/>
  <testcase name="testWordWrap7" classname="org.bukkit.ChatPaginatorTest" time="0.0"/>
  <testcase name="testWordWrap8" classname="org.bukkit.ChatPaginatorTest" time="0.001"/>
  <testcase name="testWordWrap9" classname="org.bukkit.ChatPaginatorTest" time="0.0"/>
  <testcase name="testPaginate1" classname="org.bukkit.ChatPaginatorTest" time="0.001"/>
  <testcase name="testPaginate2" classname="org.bukkit.ChatPaginatorTest" time="0.0"/>
  <testcase name="testPaginate3" classname="org.bukkit.ChatPaginatorTest" time="0.0"/>
  <system-out><![CDATA[]]></system-out>
  <system-err><![CDATA[]]></system-err>
</testsuite>
