<?xml version="1.0" encoding="UTF-8"?>
<testsuite name="org.bukkit.LocationTest" tests="90" skipped="0" failures="0" errors="0" timestamp="2019-11-24T04:08:31" hostname="pwn" time="0.014">
  <properties/>
  <testcase name="testExpectedXYZ[0: X]" classname="org.bukkit.LocationTest" time="0.001"/>
  <testcase name="testEquals[0: X]" classname="org.bukkit.LocationTest" time="0.0"/>
  <testcase name="testExpectedPitchYaw[0: X]" classname="org.bukkit.LocationTest" time="0.0"/>
  <testcase name="testExpectedXYZ[1: -X]" classname="org.bukkit.LocationTest" time="0.0"/>
  <testcase name="testEquals[1: -X]" classname="org.bukkit.LocationTest" time="0.0"/>
  <testcase name="testExpectedPitchYaw[1: -X]" classname="org.bukkit.LocationTest" time="0.0"/>
  <testcase name="testExpectedXYZ[2: Z]" classname="org.bukkit.LocationTest" time="0.0"/>
  <testcase name="testEquals[2: Z]" classname="org.bukkit.LocationTest" time="0.004"/>
  <testcase name="testExpectedPitchYaw[2: Z]" classname="org.bukkit.LocationTest" time="0.001"/>
  <testcase name="testExpectedXYZ[3: -Z]" classname="org.bukkit.LocationTest" time="0.0"/>
  <testcase name="testEquals[3: -Z]" classname="org.bukkit.LocationTest" time="0.0"/>
  <testcase name="testExpectedPitchYaw[3: -Z]" classname="org.bukkit.LocationTest" time="0.0"/>
  <testcase name="testExpectedXYZ[4: Y]" classname="org.bukkit.LocationTest" time="0.0"/>
  <testcase name="testEquals[4: Y]" classname="org.bukkit.LocationTest" time="0.0"/>
  <testcase name="testExpectedPitchYaw[4: Y]" classname="org.bukkit.LocationTest" time="0.0"/>
  <testcase name="testExpectedXYZ[5: -Y]" classname="org.bukkit.LocationTest" time="0.0"/>
  <testcase name="testEquals[5: -Y]" classname="org.bukkit.LocationTest" time="0.0"/>
  <testcase name="testExpectedPitchYaw[5: -Y]" classname="org.bukkit.LocationTest" time="0.0"/>
  <testcase name="testExpectedXYZ[6: X Z]" classname="org.bukkit.LocationTest" time="0.0"/>
  <testcase name="testEquals[6: X Z]" classname="org.bukkit.LocationTest" time="0.0"/>
  <testcase name="testExpectedPitchYaw[6: X Z]" classname="org.bukkit.LocationTest" time="0.0"/>
  <testcase name="testExpectedXYZ[7: X -Z]" classname="org.bukkit.LocationTest" time="0.0"/>
  <testcase name="testEquals[7: X -Z]" classname="org.bukkit.LocationTest" time="0.0"/>
  <testcase name="testExpectedPitchYaw[7: X -Z]" classname="org.bukkit.LocationTest" time="0.0"/>
  <testcase name="testExpectedXYZ[8: -X -Z]" classname="org.bukkit.LocationTest" time="0.0"/>
  <testcase name="testEquals[8: -X -Z]" classname="org.bukkit.LocationTest" time="0.0"/>
  <testcase name="testExpectedPitchYaw[8: -X -Z]" classname="org.bukkit.LocationTest" time="0.0"/>
  <testcase name="testExpectedXYZ[9: -X Z]" classname="org.bukkit.LocationTest" time="0.0"/>
  <testcase name="testEquals[9: -X Z]" classname="org.bukkit.LocationTest" time="0.0"/>
  <testcase name="testExpectedPitchYaw[9: -X Z]" classname="org.bukkit.LocationTest" time="0.0"/>
  <testcase name="testExpectedXYZ[10: X Y Z]" classname="org.bukkit.LocationTest" time="0.0"/>
  <testcase name="testEquals[10: X Y Z]" classname="org.bukkit.LocationTest" time="0.0"/>
  <testcase name="testExpectedPitchYaw[10: X Y Z]" classname="org.bukkit.LocationTest" time="0.0"/>
  <testcase name="testExpectedXYZ[11: -X -Y -Z]" classname="org.bukkit.LocationTest" time="0.0"/>
  <testcase name="testEquals[11: -X -Y -Z]" classname="org.bukkit.LocationTest" time="0.0"/>
  <testcase name="testExpectedPitchYaw[11: -X -Y -Z]" classname="org.bukkit.LocationTest" time="0.0"/>
  <testcase name="testExpectedXYZ[12: R0]" classname="org.bukkit.LocationTest" time="0.0"/>
  <testcase name="testEquals[12: R0]" classname="org.bukkit.LocationTest" time="0.0"/>
  <testcase name="testExpectedPitchYaw[12: R0]" classname="org.bukkit.LocationTest" time="0.0"/>
  <testcase name="testExpectedXYZ[13: R1]" classname="org.bukkit.LocationTest" time="0.0"/>
  <testcase name="testEquals[13: R1]" classname="org.bukkit.LocationTest" time="0.0"/>
  <testcase name="testExpectedPitchYaw[13: R1]" classname="org.bukkit.LocationTest" time="0.0"/>
  <testcase name="testExpectedXYZ[14: R2]" classname="org.bukkit.LocationTest" time="0.0"/>
  <testcase name="testEquals[14: R2]" classname="org.bukkit.LocationTest" time="0.0"/>
  <testcase name="testExpectedPitchYaw[14: R2]" classname="org.bukkit.LocationTest" time="0.0"/>
  <testcase name="testExpectedXYZ[15: R3]" classname="org.bukkit.LocationTest" time="0.001"/>
  <testcase name="testEquals[15: R3]" classname="org.bukkit.LocationTest" time="0.0"/>
  <testcase name="testExpectedPitchYaw[15: R3]" classname="org.bukkit.LocationTest" time="0.001"/>
  <testcase name="testExpectedXYZ[16: R4]" classname="org.bukkit.LocationTest" time="0.0"/>
  <testcase name="testEquals[16: R4]" classname="org.bukkit.LocationTest" time="0.0"/>
  <testcase name="testExpectedPitchYaw[16: R4]" classname="org.bukkit.LocationTest" time="0.0"/>
  <testcase name="testExpectedXYZ[17: R5]" classname="org.bukkit.LocationTest" time="0.0"/>
  <testcase name="testEquals[17: R5]" classname="org.bukkit.LocationTest" time="0.0"/>
  <testcase name="testExpectedPitchYaw[17: R5]" classname="org.bukkit.LocationTest" time="0.0"/>
  <testcase name="testExpectedXYZ[18: R6]" classname="org.bukkit.LocationTest" time="0.0"/>
  <testcase name="testEquals[18: R6]" classname="org.bukkit.LocationTest" time="0.0"/>
  <testcase name="testExpectedPitchYaw[18: R6]" classname="org.bukkit.LocationTest" time="0.0"/>
  <testcase name="testExpectedXYZ[19: R7]" classname="org.bukkit.LocationTest" time="0.0"/>
  <testcase name="testEquals[19: R7]" classname="org.bukkit.LocationTest" time="0.0"/>
  <testcase name="testExpectedPitchYaw[19: R7]" classname="org.bukkit.LocationTest" time="0.0"/>
  <testcase name="testExpectedXYZ[20: R8]" classname="org.bukkit.LocationTest" time="0.0"/>
  <testcase name="testEquals[20: R8]" classname="org.bukkit.LocationTest" time="0.001"/>
  <testcase name="testExpectedPitchYaw[20: R8]" classname="org.bukkit.LocationTest" time="0.0"/>
  <testcase name="testExpectedXYZ[21: R9]" classname="org.bukkit.LocationTest" time="0.0"/>
  <testcase name="testEquals[21: R9]" classname="org.bukkit.LocationTest" time="0.0"/>
  <testcase name="testExpectedPitchYaw[21: R9]" classname="org.bukkit.LocationTest" time="0.0"/>
  <testcase name="testExpectedXYZ[22: R10]" classname="org.bukkit.LocationTest" time="0.0"/>
  <testcase name="testEquals[22: R10]" classname="org.bukkit.LocationTest" time="0.0"/>
  <testcase name="testExpectedPitchYaw[22: R10]" classname="org.bukkit.LocationTest" time="0.0"/>
  <testcase name="testExpectedXYZ[23: R11]" classname="org.bukkit.LocationTest" time="0.0"/>
  <testcase name="testEquals[23: R11]" classname="org.bukkit.LocationTest" time="0.0"/>
  <testcase name="testExpectedPitchYaw[23: R11]" classname="org.bukkit.LocationTest" time="0.0"/>
  <testcase name="testExpectedXYZ[24: R12]" classname="org.bukkit.LocationTest" time="0.0"/>
  <testcase name="testEquals[24: R12]" classname="org.bukkit.LocationTest" time="0.0"/>
  <testcase name="testExpectedPitchYaw[24: R12]" classname="org.bukkit.LocationTest" time="0.0"/>
  <testcase name="testExpectedXYZ[25: R13]" classname="org.bukkit.LocationTest" time="0.0"/>
  <testcase name="testEquals[25: R13]" classname="org.bukkit.LocationTest" time="0.0"/>
  <testcase name="testExpectedPitchYaw[25: R13]" classname="org.bukkit.LocationTest" time="0.0"/>
  <testcase name="testExpectedXYZ[26: R14]" classname="org.bukkit.LocationTest" time="0.0"/>
  <testcase name="testEquals[26: R14]" classname="org.bukkit.LocationTest" time="0.0"/>
  <testcase name="testExpectedPitchYaw[26: R14]" classname="org.bukkit.LocationTest" time="0.0"/>
  <testcase name="testExpectedXYZ[27: R15]" classname="org.bukkit.LocationTest" time="0.0"/>
  <testcase name="testEquals[27: R15]" classname="org.bukkit.LocationTest" time="0.0"/>
  <testcase name="testExpectedPitchYaw[27: R15]" classname="org.bukkit.LocationTest" time="0.0"/>
  <testcase name="testExpectedXYZ[28: R16]" classname="org.bukkit.LocationTest" time="0.0"/>
  <testcase name="testEquals[28: R16]" classname="org.bukkit.LocationTest" time="0.0"/>
  <testcase name="testExpectedPitchYaw[28: R16]" classname="org.bukkit.LocationTest" time="0.0"/>
  <testcase name="testExpectedXYZ[29: R17]" classname="org.bukkit.LocationTest" time="0.0"/>
  <testcase name="testEquals[29: R17]" classname="org.bukkit.LocationTest" time="0.0"/>
  <testcase name="testExpectedPitchYaw[29: R17]" classname="org.bukkit.LocationTest" time="0.0"/>
  <system-out><![CDATA[]]></system-out>
  <system-err><![CDATA[]]></system-err>
</testsuite>
