<?xml version="1.0" encoding="UTF-8"?>
<testsuite name="org.bukkit.configuration.MemoryConfigurationTest" tests="6" skipped="0" failures="0" errors="0" timestamp="2019-11-24T04:08:31" hostname="pwn" time="0.003">
  <properties/>
  <testcase name="testAddDefault" classname="org.bukkit.configuration.MemoryConfigurationTest" time="0.001"/>
  <testcase name="testAddDefaults_Configuration" classname="org.bukkit.configuration.MemoryConfigurationTest" time="0.001"/>
  <testcase name="testAddDefaults_Map" classname="org.bukkit.configuration.MemoryConfigurationTest" time="0.0"/>
  <testcase name="testCreateSection" classname="org.bukkit.configuration.MemoryConfigurationTest" time="0.0"/>
  <testcase name="testSetDefaults" classname="org.bukkit.configuration.MemoryConfigurationTest" time="0.0"/>
  <testcase name="testGetDefaults" classname="org.bukkit.configuration.MemoryConfigurationTest" time="0.001"/>
  <system-out><![CDATA[]]></system-out>
  <system-err><![CDATA[]]></system-err>
</testsuite>
